app/build/intermediates/manifest_merge_blame_file/debug/manifest-merger-blame-debug-report.txt
1<?xml version="1.0" encoding="utf-8"?>
2<manifest xmlns:android="http://schemas.android.com/apk/res/android"
3    package="com.example.madlabprograms"
4    android:versionCode="1"
5    android:versionName="1.0" >
6
7    <uses-sdk
8        android:minSdkVersion="33"
9        android:targetSdkVersion="33" />
10
11    <uses-feature
11-->src/main/AndroidManifest.xml:4:5-101
12        android:name="android.hardware.telephony"
12-->src/main/AndroidManifest.xml:4:19-60
13        android:required="false" />
13-->src/main/AndroidManifest.xml:4:61-85
14
15    <uses-permission android:name="android.permission.SEND_SMS" />
15-->src/main/AndroidManifest.xml:5:5-83
15-->src/main/AndroidManifest.xml:5:22-64
16    <uses-permission android:name="android.permission.WRITE_EXTERNAL_STORAGE" />
16-->src/main/AndroidManifest.xml:6:5-81
16-->src/main/AndroidManifest.xml:6:22-78
17    <uses-permission android:name="android.permission.READ_EXTERNAL_STORAGE" />
17-->src/main/AndroidManifest.xml:7:5-80
17-->src/main/AndroidManifest.xml:7:22-77
18
19    <permission
19-->[androidx.core:core:1.9.0] AndroidManifest.xml:22:5-24:47
20        android:name="com.example.madlabprograms.DYNAMIC_RECEIVER_NOT_EXPORTED_PERMISSION"
20-->[androidx.core:core:1.9.0] AndroidManifest.xml:23:9-81
21        android:protectionLevel="signature" />
21-->[androidx.core:core:1.9.0] AndroidManifest.xml:24:9-44
22
23    <uses-permission android:name="com.example.madlabprograms.DYNAMIC_RECEIVER_NOT_EXPORTED_PERMISSION" />
23-->[androidx.core:core:1.9.0] AndroidManifest.xml:26:5-97
23-->[androidx.core:core:1.9.0] AndroidManifest.xml:26:22-94
24
25    <application
25-->src/main/AndroidManifest.xml:10:5-71:19
26        android:allowBackup="true"
26-->src/main/AndroidManifest.xml:11:9-35
27        android:appComponentFactory="androidx.core.app.CoreComponentFactory"
27-->[androidx.core:core:1.9.0] AndroidManifest.xml:28:18-86
28        android:dataExtractionRules="@xml/data_extraction_rules"
28-->src/main/AndroidManifest.xml:12:9-65
29        android:debuggable="true"
30        android:extractNativeLibs="false"
31        android:fullBackupContent="@xml/backup_rules"
31-->src/main/AndroidManifest.xml:13:9-54
32        android:icon="@mipmap/ic_launcher"
32-->src/main/AndroidManifest.xml:14:9-43
33        android:label="@string/app_name"
33-->src/main/AndroidManifest.xml:15:9-41
34        android:roundIcon="@mipmap/ic_launcher_round"
34-->src/main/AndroidManifest.xml:16:9-54
35        android:supportsRtl="true"
35-->src/main/AndroidManifest.xml:17:9-35
36        android:testOnly="true"
37        android:theme="@style/Theme.MadLabPrograms" >
37-->src/main/AndroidManifest.xml:18:9-52
38        <provider
39            android:name="androidx.core.content.FileProvider"
39-->src/main/AndroidManifest.xml:21:13-62
40            android:authorities="com.example.madlabprograms.provider"
40-->src/main/AndroidManifest.xml:22:13-60
41            android:exported="false"
41-->src/main/AndroidManifest.xml:23:13-37
42            android:grantUriPermissions="true" >
42-->src/main/AndroidManifest.xml:24:13-47
43            <meta-data
43-->src/main/AndroidManifest.xml:25:13-27:54
44                android:name="android.support.FILE_PROVIDER_PATHS"
44-->src/main/AndroidManifest.xml:26:17-67
45                android:resource="@xml/file_paths" />
45-->src/main/AndroidManifest.xml:27:17-51
46        </provider>
47
48        <activity
48-->src/main/AndroidManifest.xml:29:9-31:40
49            android:name="com.example.madlabprograms.Lab6"
49-->src/main/AndroidManifest.xml:30:13-33
50            android:exported="false" />
50-->src/main/AndroidManifest.xml:31:13-37
51        <activity
51-->src/main/AndroidManifest.xml:32:9-35:52
52            android:name="com.example.madlabprograms.HomeActivity"
52-->src/main/AndroidManifest.xml:33:13-41
53            android:exported="false"
53-->src/main/AndroidManifest.xml:34:13-37
54            android:screenOrientation="portrait" />
54-->src/main/AndroidManifest.xml:35:13-49
55        <activity
55-->src/main/AndroidManifest.xml:36:9-39:52
56            android:name="com.example.madlabprograms.Lab5"
56-->src/main/AndroidManifest.xml:37:13-33
57            android:exported="false"
57-->src/main/AndroidManifest.xml:38:13-37
58            android:screenOrientation="portrait" />
58-->src/main/AndroidManifest.xml:39:13-49
59        <activity
59-->src/main/AndroidManifest.xml:40:9-43:52
60            android:name="com.example.madlabprograms.Lab4"
60-->src/main/AndroidManifest.xml:41:13-33
61            android:exported="false"
61-->src/main/AndroidManifest.xml:42:13-37
62            android:screenOrientation="portrait" />
62-->src/main/AndroidManifest.xml:43:13-49
63        <activity
63-->src/main/AndroidManifest.xml:44:9-47:52
64            android:name="com.example.madlabprograms.Lab3_1"
64-->src/main/AndroidManifest.xml:45:13-35
65            android:exported="false"
65-->src/main/AndroidManifest.xml:46:13-37
66            android:screenOrientation="portrait" />
66-->src/main/AndroidManifest.xml:47:13-49
67        <activity
67-->src/main/AndroidManifest.xml:48:9-51:52
68            android:name="com.example.madlabprograms.Lab3"
68-->src/main/AndroidManifest.xml:49:13-33
69            android:exported="false"
69-->src/main/AndroidManifest.xml:50:13-37
70            android:screenOrientation="portrait" />
70-->src/main/AndroidManifest.xml:51:13-49
71        <activity
71-->src/main/AndroidManifest.xml:52:9-55:52
72            android:name="com.example.madlabprograms.Lab2"
72-->src/main/AndroidManifest.xml:53:13-33
73            android:exported="false"
73-->src/main/AndroidManifest.xml:54:13-37
74            android:screenOrientation="portrait" />
74-->src/main/AndroidManifest.xml:55:13-49
75        <activity
75-->src/main/AndroidManifest.xml:56:9-59:52
76            android:name="com.example.madlabprograms.Lab1"
76-->src/main/AndroidManifest.xml:57:13-33
77            android:exported="false"
77-->src/main/AndroidManifest.xml:58:13-37
78            android:screenOrientation="portrait" />
78-->src/main/AndroidManifest.xml:59:13-49
79        <activity
79-->src/main/AndroidManifest.xml:60:9-70:20
80            android:name="com.example.madlabprograms.MainActivity"
80-->src/main/AndroidManifest.xml:61:13-41
81            android:exported="true"
81-->src/main/AndroidManifest.xml:62:13-36
82            android:screenOrientation="portrait" >
82-->src/main/AndroidManifest.xml:63:13-49
83            <intent-filter>
83-->src/main/AndroidManifest.xml:65:13-69:29
84                <action android:name="android.intent.action.MAIN" />
84-->src/main/AndroidManifest.xml:66:17-69
84-->src/main/AndroidManifest.xml:66:25-66
85
86                <category android:name="android.intent.category.LAUNCHER" />
86-->src/main/AndroidManifest.xml:68:17-77
86-->src/main/AndroidManifest.xml:68:27-74
87            </intent-filter>
88        </activity>
89
90        <provider
90-->[androidx.emoji2:emoji2:1.2.0] AndroidManifest.xml:24:9-32:20
91            android:name="androidx.startup.InitializationProvider"
91-->[androidx.emoji2:emoji2:1.2.0] AndroidManifest.xml:25:13-67
92            android:authorities="com.example.madlabprograms.androidx-startup"
92-->[androidx.emoji2:emoji2:1.2.0] AndroidManifest.xml:26:13-68
93            android:exported="false" >
93-->[androidx.emoji2:emoji2:1.2.0] AndroidManifest.xml:27:13-37
94            <meta-data
94-->[androidx.emoji2:emoji2:1.2.0] AndroidManifest.xml:29:13-31:52
95                android:name="androidx.emoji2.text.EmojiCompatInitializer"
95-->[androidx.emoji2:emoji2:1.2.0] AndroidManifest.xml:30:17-75
96                android:value="androidx.startup" />
96-->[androidx.emoji2:emoji2:1.2.0] AndroidManifest.xml:31:17-49
97            <meta-data
97-->[androidx.lifecycle:lifecycle-process:2.6.1] AndroidManifest.xml:29:13-31:52
98                android:name="androidx.lifecycle.ProcessLifecycleInitializer"
98-->[androidx.lifecycle:lifecycle-process:2.6.1] AndroidManifest.xml:30:17-78
99                android:value="androidx.startup" />
99-->[androidx.lifecycle:lifecycle-process:2.6.1] AndroidManifest.xml:31:17-49
100            <meta-data
100-->[androidx.profileinstaller:profileinstaller:1.3.0] AndroidManifest.xml:29:13-31:52
101                android:name="androidx.profileinstaller.ProfileInstallerInitializer"
101-->[androidx.profileinstaller:profileinstaller:1.3.0] AndroidManifest.xml:30:17-85
102                android:value="androidx.startup" />
102-->[androidx.profileinstaller:profileinstaller:1.3.0] AndroidManifest.xml:31:17-49
103        </provider>
104
105        <receiver
105-->[androidx.profileinstaller:profileinstaller:1.3.0] AndroidManifest.xml:34:9-52:20
106            android:name="androidx.profileinstaller.ProfileInstallReceiver"
106-->[androidx.profileinstaller:profileinstaller:1.3.0] AndroidManifest.xml:35:13-76
107            android:directBootAware="false"
107-->[androidx.profileinstaller:profileinstaller:1.3.0] AndroidManifest.xml:36:13-44
108            android:enabled="true"
108-->[androidx.profileinstaller:profileinstaller:1.3.0] AndroidManifest.xml:37:13-35
109            android:exported="true"
109-->[androidx.profileinstaller:profileinstaller:1.3.0] AndroidManifest.xml:38:13-36
110            android:permission="android.permission.DUMP" >
110-->[androidx.profileinstaller:profileinstaller:1.3.0] AndroidManifest.xml:39:13-57
111            <intent-filter>
111-->[androidx.profileinstaller:profileinstaller:1.3.0] AndroidManifest.xml:40:13-42:29
112                <action android:name="androidx.profileinstaller.action.INSTALL_PROFILE" />
112-->[androidx.profileinstaller:profileinstaller:1.3.0] AndroidManifest.xml:41:17-91
112-->[androidx.profileinstaller:profileinstaller:1.3.0] AndroidManifest.xml:41:25-88
113            </intent-filter>
114            <intent-filter>
114-->[androidx.profileinstaller:profileinstaller:1.3.0] AndroidManifest.xml:43:13-45:29
115                <action android:name="androidx.profileinstaller.action.SKIP_FILE" />
115-->[androidx.profileinstaller:profileinstaller:1.3.0] AndroidManifest.xml:44:17-85
115-->[androidx.profileinstaller:profileinstaller:1.3.0] AndroidManifest.xml:44:25-82
116            </intent-filter>
117            <intent-filter>
117-->[androidx.profileinstaller:profileinstaller:1.3.0] AndroidManifest.xml:46:13-48:29
118                <action android:name="androidx.profileinstaller.action.SAVE_PROFILE" />
118-->[androidx.profileinstaller:profileinstaller:1.3.0] AndroidManifest.xml:47:17-88
118-->[androidx.profileinstaller:profileinstaller:1.3.0] AndroidManifest.xml:47:25-85
119            </intent-filter>
120            <intent-filter>
120-->[androidx.profileinstaller:profileinstaller:1.3.0] AndroidManifest.xml:49:13-51:29
121                <action android:name="androidx.profileinstaller.action.BENCHMARK_OPERATION" />
121-->[androidx.profileinstaller:profileinstaller:1.3.0] AndroidManifest.xml:50:17-95
121-->[androidx.profileinstaller:profileinstaller:1.3.0] AndroidManifest.xml:50:25-92
122            </intent-filter>
123        </receiver>
124    </application>
125
126</manifest>